<?xml version="1.0" encoding="UTF-8" ?>
<testsuites>
  <testsuite errors="0" failures="0" hostname="C3700100528" id="0" name="ArtistControllerSpec" package="top20music" tests="3" time="4.442" timestamp="2015-02-17T13:41:16">
      <properties />

      <testcase classname="top20music.ArtistControllerSpec" name="test_index" time="4.253" />

      <testcase classname="top20music.ArtistControllerSpec" name="test_save_success" time="0.091" />

      <testcase classname="top20music.ArtistControllerSpec" name="test_save_artist_already_exists" time="0.048" />

      <system-out><![CDATA[--Output from test_index--
--Output from test_save_success--
--Output from test_save_artist_already_exists--
]]></system-out>

      <system-err><![CDATA[--Output from test_index--
--Output from test_save_success--
--Output from test_save_artist_already_exists--
]]></system-err>

  </testsuite>
  <testsuite errors="0" failures="0" hostname="C3700100528" id="1" name="ArtistSpec" package="top20music" tests="1" time="0.288" timestamp="2015-02-17T13:41:20">
      <properties />

      <testcase classname="top20music.ArtistSpec" name="test_first_name_not_blank" time="0.277" />

      <system-out><![CDATA[--Output from test_first_name_not_blank--
]]></system-out>

      <system-err><![CDATA[--Output from test_first_name_not_blank--
]]></system-err>

  </testsuite>
  <testsuite errors="1" failures="1" hostname="C3700100528" id="2" name="SongControllerSpec" package="top20music" tests="2" time="0.496" timestamp="2015-02-17T13:41:20">
      <properties />

      <testcase classname="top20music.SongControllerSpec" name="test_index" time="0.336">
          <failure message="Condition not satisfied:&#xa;&#xa;model.artist == artist&#xa;|     |      |  |&#xa;|     |      |  top20music.Artist : (unsaved)&#xa;|     |      false&#xa;|     top20music.SongControllerSpec$_$spock_feature_0_0_closure1@6be08da0&#xa;[artist:top20music.SongControllerSpec$_$spock_feature_0_0_closure1@6be08da0, songs:top20music.SongControllerSpec$_$spock_feature_0_0_closure2@63723ab4]&#xa;" type="junit.framework.AssertionFailedError">junit.framework.AssertionFailedError: Condition not satisfied:

model.artist == artist
|     |      |  |
|     |      |  top20music.Artist : (unsaved)
|     |      false
|     top20music.SongControllerSpec$_$spock_feature_0_0_closure1@6be08da0
[artist:top20music.SongControllerSpec$_$spock_feature_0_0_closure1@6be08da0, songs:top20music.SongControllerSpec$_$spock_feature_0_0_closure2@63723ab4]

	at top20music.SongControllerSpec.test_index(SongControllerSpec.groovy:36)
</failure>

      </testcase>

      <testcase classname="top20music.SongControllerSpec" name="test_delete" time="0.146">
          <error message="No signature of method: top20music.SongControllerSpec.delete() is applicable for argument types: (java.util.LinkedHashMap) values: [[flush:true]]&#xa;Possible solutions: every(), sleep(long), split(groovy.lang.Closure), getAt(java.lang.String), every(groovy.lang.Closure)" type="groovy.lang.MissingMethodException">groovy.lang.MissingMethodException: No signature of method: top20music.SongControllerSpec.delete() is applicable for argument types: (java.util.LinkedHashMap) values: [[flush:true]]
Possible solutions: every(), sleep(long), split(groovy.lang.Closure), getAt(java.lang.String), every(groovy.lang.Closure)
	at top20music.SongController.delete(SongController.groovy:31)
	at top20music.SongControllerSpec.test_delete(SongControllerSpec.groovy:47)
</error>

      </testcase>

      <system-out><![CDATA[--Output from test_index--
--Output from test_delete--
]]></system-out>

      <system-err><![CDATA[--Output from test_index--
--Output from test_delete--
]]></system-err>

  </testsuite>
  <testsuite errors="0" failures="0" hostname="C3700100528" id="3" name="SongSpec" package="top20music" tests="2" time="0.251" timestamp="2015-02-17T13:41:21">
      <properties />

      <testcase classname="top20music.SongSpec" name="test_song_name_not_blank" time="0.206" />

      <testcase classname="top20music.SongSpec" name="test_song_no_artist" time="0.035" />

      <system-out><![CDATA[--Output from test_song_name_not_blank--
--Output from test_song_no_artist--
]]></system-out>

      <system-err><![CDATA[--Output from test_song_name_not_blank--
--Output from test_song_no_artist--
]]></system-err>

  </testsuite>
</testsuites>
